<?xml version="1.0" encoding="UTF-8"?>
<!-- Generated by org.testng.reporters.JUnitXMLReporter -->
<testsuite ignored="1" hostname="Cobra" failures="0" tests="1" name="Default test" time="2.642" errors="0" timestamp="2022-12-27T20:53:40 IST">
  <testcase classname="com.murali.learnings.automation.selautomationfw.tests.PageObjectTest" name="verifySearchOfItems" time="2.367"/>
  <testcase classname="com.murali.learnings.automation.selautomationfw.tests.PageObjectTest" name="validateElectronicsPage" time="0.0">
    <ignored/>
  </testcase> <!-- validateElectronicsPage -->
</testsuite> <!-- Default test -->
