<?xml version="1.0" encoding="UTF-8"?>
<!-- Generated by org.testng.reporters.JUnitXMLReporter -->
<testsuite ignored="0" hostname="Cobra" failures="0" tests="2" name="PageObjectTest" time="3.219" errors="0" timestamp="2022-12-27T20:07:02 IST">
  <testcase classname="com.murali.learnings.automation.selautomationfw.tests.PageObjectTest" name="validateElectronicsPage" time="0.053"/>
  <testcase classname="com.murali.learnings.automation.selautomationfw.tests.PageObjectTest" name="verifySearchOfItems" time="2.203"/>
</testsuite> <!-- PageObjectTest -->
