<?xml version="1.0" encoding="UTF-8"?>
<testsuite xmlns:xsi="http://www.w3.org/2001/XMLSchema-instance" xsi:noNamespaceSchemaLocation="https://maven.apache.org/surefire/maven-surefire-plugin/xsd/surefire-test-report.xsd" name="TestSuite" time="13.323" tests="3" errors="0" skipped="0" failures="1">
  <properties>
[...]
</properties>
  <testcase name="validateElectronicsPage" classname="com.murali.learnings.automation.selautomationfw.tests.PageObjectTest" time="0.006"/>
  <testcase name="verifySearchOfItems" classname="com.murali.learnings.automation.selautomationfw.tests.PageObjectTest" time="1.927"/>
  <testcase name="verifySearchOfItems" classname="com.murali.learnings.automation.selautomationfw.tests.SmokeTest" time="0.019">
    <failure message="Cannot invoke &quot;org.openqa.selenium.WebDriver.findElement(org.openqa.selenium.By)&quot; because the return value of &quot;com.murali.learnings.automation.selautomationfw.tests.SmokeTest.getDriver()&quot; is null" type="java.lang.NullPointerException">java.lang.NullPointerException: Cannot invoke "org.openqa.selenium.WebDriver.findElement(org.openqa.selenium.By)" because the return value of "com.murali.learnings.automation.selautomationfw.tests.SmokeTest.getDriver()" is null
	at com.murali.learnings.automation.selautomationfw.tests.SmokeTest.verifySearchOfItems(SmokeTest.java:17)
</failure>
  </testcase>
</testsuite>