<?xml version="1.0" encoding="UTF-8"?>
<testng-results ignored="1" total="2" passed="1" failed="0" skipped="0">
  <reporter-output>
  </reporter-output>
  <suite started-at="2022-12-27T20:53:37 IST" name="Default suite" finished-at="2022-12-27T20:53:40 IST" duration-ms="2642">
    <groups>
      <group name="search">
        <method signature="PageObjectTest.verifySearchOfItems()[pri:0, instance:com.murali.learnings.automation.selautomationfw.tests.PageObjectTest@37052337]" name="verifySearchOfItems" class="com.murali.learnings.automation.selautomationfw.tests.PageObjectTest"/>
      </group> <!-- search -->
      <group name="smoke">
        <method signature="PageObjectTest.verifySearchOfItems()[pri:0, instance:com.murali.learnings.automation.selautomationfw.tests.PageObjectTest@37052337]" name="verifySearchOfItems" class="com.murali.learnings.automation.selautomationfw.tests.PageObjectTest"/>
      </group> <!-- smoke -->
      <group name="sanity">
        <method signature="PageObjectTest.verifySearchOfItems()[pri:0, instance:com.murali.learnings.automation.selautomationfw.tests.PageObjectTest@37052337]" name="verifySearchOfItems" class="com.murali.learnings.automation.selautomationfw.tests.PageObjectTest"/>
      </group> <!-- sanity -->
    </groups>
    <test started-at="2022-12-27T20:53:37 IST" name="Default test" finished-at="2022-12-27T20:53:40 IST" duration-ms="2642">
      <class name="com.murali.learnings.automation.selautomationfw.tests.PageObjectTest">
        <test-method is-config="true" signature="setup()[pri:0, instance:com.murali.learnings.automation.selautomationfw.tests.PageObjectTest@37052337]" started-at="2022-12-27T20:53:28 IST" name="setup" finished-at="2022-12-27T20:53:37 IST" duration-ms="8613" status="PASS">
          <reporter-output>
          </reporter-output>
        </test-method> <!-- setup -->
        <test-method is-config="true" signature="tsetup()[pri:0, instance:com.murali.learnings.automation.selautomationfw.tests.PageObjectTest@37052337]" started-at="2022-12-27T20:53:37 IST" name="tsetup" finished-at="2022-12-27T20:53:37 IST" duration-ms="68" status="PASS">
          <reporter-output>
          </reporter-output>
        </test-method> <!-- tsetup -->
        <test-method signature="verifySearchOfItems()[pri:0, instance:com.murali.learnings.automation.selautomationfw.tests.PageObjectTest@37052337]" started-at="2022-12-27T20:53:37 IST" name="verifySearchOfItems" finished-at="2022-12-27T20:53:40 IST" duration-ms="2367" status="PASS">
          <reporter-output>
          </reporter-output>
        </test-method> <!-- verifySearchOfItems -->
        <test-method is-config="true" signature="teardown()[pri:0, instance:com.murali.learnings.automation.selautomationfw.tests.PageObjectTest@37052337]" started-at="2022-12-27T20:53:40 IST" name="teardown" finished-at="2022-12-27T20:53:40 IST" duration-ms="623" status="PASS">
          <reporter-output>
          </reporter-output>
        </test-method> <!-- teardown -->
      </class> <!-- com.murali.learnings.automation.selautomationfw.tests.PageObjectTest -->
    </test> <!-- Default test -->
  </suite> <!-- Default suite -->
</testng-results>
